The system is: Windows - 10.0.19042 - AMD64
Compiling the C compiler identification source file "CMakeCCompilerId.c" succeeded.
Compiler: C:/Program Files (x86)/Microsoft Visual Studio/2019/Community/VC/Tools/MSVC/14.29.30133/bin/Hostx86/x86/cl.exe 
Build flags: 
Id flags:  

The output was:
0
Оптимизирующий компилятор Microsoft (R) C/C++ версии 19.29.30136 для x86
(C) Корпорация Майкрософт (Microsoft Corporation).  Все права защищены.

CMakeCCompilerId.c
Microsoft (R) Incremental Linker Version 14.29.30136.0
Copyright (C) Microsoft Corporation.  All rights reserved.

/out:CMakeCCompilerId.exe 
CMakeCCompilerId.obj 


Compilation of the C compiler identification source "CMakeCCompilerId.c" produced "CMakeCCompilerId.exe"

Compilation of the C compiler identification source "CMakeCCompilerId.c" produced "CMakeCCompilerId.obj"

The C compiler identification is MSVC, found in "C:/Users/u2kno/source/repos/samp-textdraw-streamer/src/out/build/x86-Debug/CMakeFiles/3.20.21032501-MSVC_2/CompilerIdC/CMakeCCompilerId.exe"

Compiling the CXX compiler identification source file "CMakeCXXCompilerId.cpp" succeeded.
Compiler: C:/Program Files (x86)/Microsoft Visual Studio/2019/Community/VC/Tools/MSVC/14.29.30133/bin/Hostx86/x86/cl.exe 
Build flags: 
Id flags:  

The output was:
0
Оптимизирующий компилятор Microsoft (R) C/C++ версии 19.29.30136 для x86
(C) Корпорация Майкрософт (Microsoft Corporation).  Все права защищены.

CMakeCXXCompilerId.cpp
Microsoft (R) Incremental Linker Version 14.29.30136.0
Copyright (C) Microsoft Corporation.  All rights reserved.

/out:CMakeCXXCompilerId.exe 
CMakeCXXCompilerId.obj 


Compilation of the CXX compiler identification source "CMakeCXXCompilerId.cpp" produced "CMakeCXXCompilerId.exe"

Compilation of the CXX compiler identification source "CMakeCXXCompilerId.cpp" produced "CMakeCXXCompilerId.obj"

The CXX compiler identification is MSVC, found in "C:/Users/u2kno/source/repos/samp-textdraw-streamer/src/out/build/x86-Debug/CMakeFiles/3.20.21032501-MSVC_2/CompilerIdCXX/CMakeCXXCompilerId.exe"

Detecting C compiler ABI info compiled with the following output:
Change Dir: C:/Users/u2kno/source/repos/samp-textdraw-streamer/src/out/build/x86-Debug/CMakeFiles/CMakeTmp

Run Build Command(s):C:/Program Files (x86)/Microsoft Visual Studio/2019/Community/Common7/IDE/CommonExtensions/Microsoft/CMake/Ninja/ninja.exe cmTC_da42c && [1/2] Building C object CMakeFiles\cmTC_da42c.dir\CMakeCCompilerABI.c.obj
[2/2] Linking C executable cmTC_da42c.exe



Detecting CXX compiler ABI info compiled with the following output:
Change Dir: C:/Users/u2kno/source/repos/samp-textdraw-streamer/src/out/build/x86-Debug/CMakeFiles/CMakeTmp

Run Build Command(s):C:/Program Files (x86)/Microsoft Visual Studio/2019/Community/Common7/IDE/CommonExtensions/Microsoft/CMake/Ninja/ninja.exe cmTC_78432 && [1/2] Building CXX object CMakeFiles\cmTC_78432.dir\CMakeCXXCompilerABI.cpp.obj
[2/2] Linking CXX executable cmTC_78432.exe



Determining if the include file inttypes.h exists passed with the following output:
Change Dir: C:/Users/u2kno/source/repos/samp-textdraw-streamer/src/out/build/x86-Debug/CMakeFiles/CMakeTmp

Run Build Command(s):C:/Program Files (x86)/Microsoft Visual Studio/2019/Community/Common7/IDE/CommonExtensions/Microsoft/CMake/Ninja/ninja.exe cmTC_2a93b && [1/2] Building C object CMakeFiles\cmTC_2a93b.dir\CheckIncludeFile.c.obj
[2/2] Linking C executable cmTC_2a93b.exe



Determining if the include file malloc.h exists passed with the following output:
Change Dir: C:/Users/u2kno/source/repos/samp-textdraw-streamer/src/out/build/x86-Debug/CMakeFiles/CMakeTmp

Run Build Command(s):C:/Program Files (x86)/Microsoft Visual Studio/2019/Community/Common7/IDE/CommonExtensions/Microsoft/CMake/Ninja/ninja.exe cmTC_e949b && [1/2] Building C object CMakeFiles\cmTC_e949b.dir\CheckIncludeFile.c.obj
[2/2] Linking C executable cmTC_e949b.exe



Determining if the include file stdint.h exists passed with the following output:
Change Dir: C:/Users/u2kno/source/repos/samp-textdraw-streamer/src/out/build/x86-Debug/CMakeFiles/CMakeTmp

Run Build Command(s):C:/Program Files (x86)/Microsoft Visual Studio/2019/Community/Common7/IDE/CommonExtensions/Microsoft/CMake/Ninja/ninja.exe cmTC_38565 && [1/2] Building C object CMakeFiles\cmTC_38565.dir\CheckIncludeFile.c.obj
[2/2] Linking C executable cmTC_38565.exe



